#
# A fatal error has been detected by the Java Runtime Environment:
#
#  EXCEPTION_ACCESS_VIOLATION (0xc0000005) at pc=0x00000000690d34e4, pid=7244, tid=9856
#
# JRE version: Java(TM) SE Runtime Environment (8.0_05-b13) (build 1.8.0_05-b13)
# Java VM: Java HotSpot(TM) 64-Bit Server VM (25.5-b02 mixed mode windows-amd64 compressed oops)
# Problematic frame:
# V  [jvm.dll+0x4334e4]
#
# Failed to write core dump. Minidumps are not enabled by default on client versions of Windows
#
# If you would like to submit a bug report, please visit:
#   http://bugreport.sun.com/bugreport/crash.jsp
#

---------------  T H R E A D  ---------------

Current thread (0x00000000193a1800):  JavaThread "C2 CompilerThread0" daemon [_thread_in_native, id=9856, stack(0x0000000019dc0000,0x0000000019ec0000)]

siginfo: ExceptionCode=0xc0000005, reading address 0x0000000042fcfa2c

Registers:
RAX=0x0000000021237030, RBX=0x00000000207def40, RCX=0x000000001a44ca30, RDX=0x000000000876627f
RSP=0x0000000019ebc180, RBP=0x000000002154e1a8, RSI=0x000000001ee32a40, RDI=0x000000001f1296f0
R8 =0x00000000ffffffff, R9 =0x0000000000000001, R10=0x0000000000000036, R11=0x0000000000000040
R12=0x0000000019ebc580, R13=0x0000000000000000, R14=0x0000000000000040, R15=0x0000000000000008
RIP=0x00000000690d34e4, EFLAGS=0x0000000000010297

Top of Stack: (sp=0x0000000019ebc180)
0x0000000019ebc180:   00000000207def40 000000001ee32a40
0x0000000019ebc190:   000000001f1296f0 ffffffffffffffff
0x0000000019ebc1a0:   000000390000039a 000000001f1296f0
0x0000000019ebc1b0:   00000000000000b0 000000000000039a
0x0000000019ebc1c0:   0000000000000000 0000000000000000
0x0000000019ebc1d0:   0000000019ebc290 00000000000003d8
0x0000000019ebc1e0:   000000001af31108 000000001af30d30
0x0000000019ebc1f0:   0000000019ebc320 0000000000000000
0x0000000019ebc200:   0000000019ebc580 000000001af30d20
0x0000000019ebc210:   0000000019ebc690 00000000690d6395
0x0000000019ebc220:   0000000019ebc580 0000000019ebc301
0x0000000019ebc230:   00000000ffffffff 0000000000000016
0x0000000019ebc240:   000000001af30d20 00000000226f0020
0x0000000019ebc250:   00000000226f6d90 00000000226f8008
0x0000000019ebc260:   0000000000832770 0000000019593ca0
0x0000000019ebc270:   0000000019593ca0 0000000019593cb0 

Instructions: (pc=0x00000000690d34e4)
0x00000000690d34c4:   00 00 49 c1 e6 03 66 0f 1f 44 00 00 48 8b 46 08
0x00000000690d34d4:   49 8b 0c 06 49 8b 84 24 28 01 00 00 48 63 51 28
0x00000000690d34e4:   8b 1c 90 85 db 0f 84 c0 01 00 00 45 84 c9 74 11
0x00000000690d34f4:   45 3b c7 75 0c 48 8b 06 48 8b ce ff 90 d8 00 00 


Register to memory mapping:

RAX=0x0000000021237030 is an unknown value
RBX=0x00000000207def40 is an unknown value
RCX=0x000000001a44ca30 is an unknown value
RDX=0x000000000876627f is an unknown value
RSP=0x0000000019ebc180 is pointing into the stack for thread: 0x00000000193a1800
RBP=0x000000002154e1a8 is an unknown value
RSI=0x000000001ee32a40 is an unknown value
RDI=0x000000001f1296f0 is an unknown value
R8 =0x00000000ffffffff is an unallocated location in the heap
R9 =0x0000000000000001 is an unknown value
R10=0x0000000000000036 is an unknown value
R11=0x0000000000000040 is an unknown value
R12=0x0000000019ebc580 is pointing into the stack for thread: 0x00000000193a1800
R13=0x0000000000000000 is an unknown value
R14=0x0000000000000040 is an unknown value
R15=0x0000000000000008 is an unknown value


Stack: [0x0000000019dc0000,0x0000000019ec0000],  sp=0x0000000019ebc180,  free space=1008k
Native frames: (J=compiled Java code, j=interpreted, Vv=VM code, C=native code)
V  [jvm.dll+0x4334e4]
V  [jvm.dll+0x436395]
V  [jvm.dll+0x44111e]
V  [jvm.dll+0x4436a9]
V  [jvm.dll+0x427532]
V  [jvm.dll+0x96702]
V  [jvm.dll+0x96ef3]
V  [jvm.dll+0x2232c4]
V  [jvm.dll+0x27baca]
C  [msvcr100.dll+0x21d9f]
C  [msvcr100.dll+0x21e3b]
C  [KERNEL32.DLL+0x12d92]
C  [ntdll.dll+0x9f64]


Current CompileTask:
C2:  66067 6123       4       org.springframework.transaction.interceptor.TransactionAttributeSourcePointcut::matches (55 bytes)


---------------  P R O C E S S  ---------------

Java Threads: ( => current thread )
  0x000000001b835800 JavaThread "HikariPool-1 housekeeper" daemon [_thread_blocked, id=2976, stack(0x0000000020350000,0x0000000020450000)]
  0x000000001be25000 JavaThread "mysql-cj-abandoned-connection-cleanup" daemon [_thread_blocked, id=8428, stack(0x000000001c760000,0x000000001c860000)]
  0x0000000019478800 JavaThread "Service Thread" daemon [_thread_blocked, id=2868, stack(0x0000000019fc0000,0x000000001a0c0000)]
  0x00000000193f8000 JavaThread "C1 CompilerThread1" daemon [_thread_blocked, id=9300, stack(0x0000000019ec0000,0x0000000019fc0000)]
=>0x00000000193a1800 JavaThread "C2 CompilerThread0" daemon [_thread_in_native, id=9856, stack(0x0000000019dc0000,0x0000000019ec0000)]
  0x0000000018963000 JavaThread "JDWP Command Reader" daemon [_thread_in_native, id=7608, stack(0x0000000019080000,0x0000000019180000)]
  0x000000001895c000 JavaThread "JDWP Event Helper Thread" daemon [_thread_blocked, id=9392, stack(0x0000000018f80000,0x0000000019080000)]
  0x000000001895a000 JavaThread "JDWP Transport Listener: dt_socket" daemon [_thread_blocked, id=4784, stack(0x0000000018e80000,0x0000000018f80000)]
  0x0000000018937000 JavaThread "Attach Listener" daemon [_thread_blocked, id=7348, stack(0x0000000018d80000,0x0000000018e80000)]
  0x0000000018934000 JavaThread "Signal Dispatcher" daemon [_thread_blocked, id=7880, stack(0x0000000018c80000,0x0000000018d80000)]
  0x0000000017b21000 JavaThread "Finalizer" daemon [_thread_blocked, id=8056, stack(0x0000000018780000,0x0000000018880000)]
  0x0000000017b1a800 JavaThread "Reference Handler" daemon [_thread_blocked, id=4544, stack(0x0000000018680000,0x0000000018780000)]
  0x0000000003180000 JavaThread "main" [_thread_in_native, id=4144, stack(0x0000000003050000,0x0000000003150000)]

Other Threads:
  0x0000000017b13000 VMThread [stack: 0x0000000018580000,0x0000000018680000] [id=8516]
  0x0000000019433000 WatcherThread [stack: 0x000000001a0c0000,0x000000001a1c0000] [id=5768]

VM state:not at safepoint (normal execution)

VM Mutex/Monitor currently owned by a thread: None

Heap:
 PSYoungGen      total 81920K, used 15486K [0x00000000d6e00000, 0x00000000dd500000, 0x0000000100000000)
  eden space 68096K, 3% used [0x00000000d6e00000,0x00000000d709e788,0x00000000db080000)
  from space 13824K, 92% used [0x00000000db080000,0x00000000dbd012d0,0x00000000dbe00000)
  to   space 15872K, 0% used [0x00000000dc580000,0x00000000dc580000,0x00000000dd500000)
 ParOldGen       total 26624K, used 17597K [0x0000000084a00000, 0x0000000086400000, 0x00000000d6e00000)
  object space 26624K, 66% used [0x0000000084a00000,0x0000000085b2f760,0x0000000086400000)
 Metaspace       used 58042K, capacity 60124K, committed 60336K, reserved 1101824K
  class space    used 7888K, capacity 8248K, committed 8368K, reserved 1048576K

Card table byte_map: [0x00000000127c0000,0x0000000012ba0000] byte_map_base: 0x000000001239b000

Marking Bits: (ParMarkBitMap*) 0x00000000694513b0
 Begin Bits: [0x0000000013040000, 0x0000000014f18000)
 End Bits:   [0x0000000014f18000, 0x0000000016df0000)

Polling page: 0x0000000002eb0000

CodeCache: size=245760Kb used=19380Kb max_used=20414Kb free=226380Kb
 bounds [0x0000000003400000, 0x0000000004830000, 0x0000000012400000]
 total_blobs=6060 nmethods=5528 adapters=453
 compilation: enabled

Compilation events (10 events):
Event: 65.764 Thread 0x00000000193f8000 6146       2       java.lang.ProcessEnvironment$CheckedKeySet::size (10 bytes)
Event: 65.765 Thread 0x00000000193f8000 nmethod 6146 0x0000000003539210 code [0x0000000003539380, 0x0000000003539508]
Event: 65.765 Thread 0x00000000193f8000 6147       2       java.util.Collections$UnmodifiableSet::equals (24 bytes)
Event: 65.766 Thread 0x00000000193f8000 nmethod 6147 0x00000000037afcd0 code [0x00000000037afe40, 0x00000000037b0008]
Event: 65.767 Thread 0x00000000193f8000 6148       1       org.springframework.boot.context.properties.bind.JavaBeanBinder$BeanProperty::getName (5 bytes)
Event: 65.767 Thread 0x00000000193f8000 nmethod 6148 0x0000000003ebd710 code [0x0000000003ebd860, 0x0000000003ebd970]
Event: 65.770 Thread 0x00000000193f8000 6150       2       org.springframework.asm.MethodWriter::visitIntInsn (113 bytes)
Event: 65.770 Thread 0x00000000193f8000 nmethod 6150 0x0000000003e228d0 code [0x0000000003e22a60, 0x0000000003e22ce8]
Event: 65.968 Thread 0x00000000193f8000 6151   !   2       org.springframework.cglib.core.CodeEmitter::process_switch (301 bytes)
Event: 65.969 Thread 0x00000000193f8000 nmethod 6151 0x0000000003af3ed0 code [0x0000000003af4140, 0x0000000003af5068]

GC Heap History (10 events):
Event: 42.415 GC heap before
{Heap before GC invocations=31 (full 4):
 PSYoungGen      total 69120K, used 64140K [0x00000000d6e00000, 0x00000000dbd00000, 0x0000000100000000)
  eden space 62464K, 100% used [0x00000000d6e00000,0x00000000dab00000,0x00000000dab00000)
  from space 6656K, 25% used [0x00000000db380000,0x00000000db5232d0,0x00000000dba00000)
  to   space 8704K, 0% used [0x00000000dab00000,0x00000000dab00000,0x00000000db380000)
 ParOldGen       total 26624K, used 17269K [0x0000000084a00000, 0x0000000086400000, 0x00000000d6e00000)
  object space 26624K, 64% used [0x0000000084a00000,0x0000000085add760,0x0000000086400000)
 Metaspace       used 42812K, capacity 44178K, committed 44464K, reserved 1087488K
  class space    used 5680K, capacity 5955K, committed 6064K, reserved 1048576K
Event: 42.561 GC heap after
Heap after GC invocations=31 (full 4):
 PSYoungGen      total 71168K, used 7742K [0x00000000d6e00000, 0x00000000dc380000, 0x0000000100000000)
  eden space 62464K, 0% used [0x00000000d6e00000,0x00000000d6e00000,0x00000000dab00000)
  from space 8704K, 88% used [0x00000000dab00000,0x00000000db28faa8,0x00000000db380000)
  to   space 10240K, 0% used [0x00000000db980000,0x00000000db980000,0x00000000dc380000)
 ParOldGen       total 26624K, used 17573K [0x0000000084a00000, 0x0000000086400000, 0x00000000d6e00000)
  object space 26624K, 66% used [0x0000000084a00000,0x0000000085b29760,0x0000000086400000)
 Metaspace       used 42812K, capacity 44178K, committed 44464K, reserved 1087488K
  class space    used 5680K, capacity 5955K, committed 6064K, reserved 1048576K
}
Event: 49.166 GC heap before
{Heap before GC invocations=32 (full 4):
 PSYoungGen      total 71168K, used 70206K [0x00000000d6e00000, 0x00000000dc380000, 0x0000000100000000)
  eden space 62464K, 100% used [0x00000000d6e00000,0x00000000dab00000,0x00000000dab00000)
  from space 8704K, 88% used [0x00000000dab00000,0x00000000db28faa8,0x00000000db380000)
  to   space 10240K, 0% used [0x00000000db980000,0x00000000db980000,0x00000000dc380000)
 ParOldGen       total 26624K, used 17573K [0x0000000084a00000, 0x0000000086400000, 0x00000000d6e00000)
  object space 26624K, 66% used [0x0000000084a00000,0x0000000085b29760,0x0000000086400000)
 Metaspace       used 47786K, capacity 49208K, committed 49584K, reserved 1091584K
  class space    used 6445K, capacity 6708K, committed 6832K, reserved 1048576K
Event: 49.185 GC heap after
Heap after GC invocations=32 (full 4):
 PSYoungGen      total 76288K, used 8768K [0x00000000d6e00000, 0x00000000dc500000, 0x0000000100000000)
  eden space 66048K, 0% used [0x00000000d6e00000,0x00000000d6e00000,0x00000000dae80000)
  from space 10240K, 85% used [0x00000000db980000,0x00000000dc210178,0x00000000dc380000)
  to   space 11264K, 0% used [0x00000000dae80000,0x00000000dae80000,0x00000000db980000)
 ParOldGen       total 26624K, used 17589K [0x0000000084a00000, 0x0000000086400000, 0x00000000d6e00000)
  object space 26624K, 66% used [0x0000000084a00000,0x0000000085b2d760,0x0000000086400000)
 Metaspace       used 47786K, capacity 49208K, committed 49584K, reserved 1091584K
  class space    used 6445K, capacity 6708K, committed 6832K, reserved 1048576K
}
Event: 55.361 GC heap before
{Heap before GC invocations=33 (full 4):
 PSYoungGen      total 76288K, used 74816K [0x00000000d6e00000, 0x00000000dc500000, 0x0000000100000000)
  eden space 66048K, 100% used [0x00000000d6e00000,0x00000000dae80000,0x00000000dae80000)
  from space 10240K, 85% used [0x00000000db980000,0x00000000dc210178,0x00000000dc380000)
  to   space 11264K, 0% used [0x00000000dae80000,0x00000000dae80000,0x00000000db980000)
 ParOldGen       total 26624K, used 17589K [0x0000000084a00000, 0x0000000086400000, 0x00000000d6e00000)
  object space 26624K, 66% used [0x0000000084a00000,0x0000000085b2d760,0x0000000086400000)
 Metaspace       used 51680K, capacity 53238K, committed 53552K, reserved 1095680K
  class space    used 7071K, capacity 7371K, committed 7472K, reserved 1048576K
Event: 55.373 GC heap after
Heap after GC invocations=33 (full 4):
 PSYoungGen      total 77312K, used 8962K [0x00000000d6e00000, 0x00000000dca00000, 0x0000000100000000)
  eden space 66048K, 0% used [0x00000000d6e00000,0x00000000d6e00000,0x00000000dae80000)
  from space 11264K, 79% used [0x00000000dae80000,0x00000000db740aa0,0x00000000db980000)
  to   space 12288K, 0% used [0x00000000dbe00000,0x00000000dbe00000,0x00000000dca00000)
 ParOldGen       total 26624K, used 17597K [0x0000000084a00000, 0x0000000086400000, 0x00000000d6e00000)
  object space 26624K, 66% used [0x0000000084a00000,0x0000000085b2f760,0x0000000086400000)
 Metaspace       used 51680K, capacity 53238K, committed 53552K, reserved 1095680K
  class space    used 7071K, capacity 7371K, committed 7472K, reserved 1048576K
}
Event: 61.649 GC heap before
{Heap before GC invocations=34 (full 4):
 PSYoungGen      total 77312K, used 75010K [0x00000000d6e00000, 0x00000000dca00000, 0x0000000100000000)
  eden space 66048K, 100% used [0x00000000d6e00000,0x00000000dae80000,0x00000000dae80000)
  from space 11264K, 79% used [0x00000000dae80000,0x00000000db740aa0,0x00000000db980000)
  to   space 12288K, 0% used [0x00000000dbe00000,0x00000000dbe00000,0x00000000dca00000)
 ParOldGen       total 26624K, used 17597K [0x0000000084a00000, 0x0000000086400000, 0x00000000d6e00000)
  object space 26624K, 66% used [0x0000000084a00000,0x0000000085b2f760,0x0000000086400000)
 Metaspace       used 56264K, capacity 58318K, committed 58544K, reserved 1099776K
  class space    used 7712K, capacity 8081K, committed 8112K, reserved 1048576K
Event: 61.782 GC heap after
Heap after GC invocations=34 (full 4):
 PSYoungGen      total 80384K, used 11110K [0x00000000d6e00000, 0x00000000dce00000, 0x0000000100000000)
  eden space 68096K, 0% used [0x00000000d6e00000,0x00000000d6e00000,0x00000000db080000)
  from space 12288K, 90% used [0x00000000dbe00000,0x00000000dc8d9818,0x00000000dca00000)
  to   space 13824K, 0% used [0x00000000db080000,0x00000000db080000,0x00000000dbe00000)
 ParOldGen       total 26624K, used 17597K [0x0000000084a00000, 0x0000000086400000, 0x00000000d6e00000)
  object space 26624K, 66% used [0x0000000084a00000,0x0000000085b2f760,0x0000000086400000)
 Metaspace       used 56264K, capacity 58318K, committed 58544K, reserved 1099776K
  class space    used 7712K, capacity 8081K, committed 8112K, reserved 1048576K
}
Event: 65.854 GC heap before
{Heap before GC invocations=35 (full 4):
 PSYoungGen      total 80384K, used 79206K [0x00000000d6e00000, 0x00000000dce00000, 0x0000000100000000)
  eden space 68096K, 100% used [0x00000000d6e00000,0x00000000db080000,0x00000000db080000)
  from space 12288K, 90% used [0x00000000dbe00000,0x00000000dc8d9818,0x00000000dca00000)
  to   space 13824K, 0% used [0x00000000db080000,0x00000000db080000,0x00000000dbe00000)
 ParOldGen       total 26624K, used 17597K [0x0000000084a00000, 0x0000000086400000, 0x00000000d6e00000)
  object space 26624K, 66% used [0x0000000084a00000,0x0000000085b2f760,0x0000000086400000)
 Metaspace       used 58024K, capacity 60124K, committed 60336K, reserved 1101824K
  class space    used 7887K, capacity 8248K, committed 8368K, reserved 1048576K
Event: 65.939 GC heap after
Heap after GC invocations=35 (full 4):
 PSYoungGen      total 81920K, used 12804K [0x00000000d6e00000, 0x00000000dd500000, 0x0000000100000000)
  eden space 68096K, 0% used [0x00000000d6e00000,0x00000000d6e00000,0x00000000db080000)
  from space 13824K, 92% used [0x00000000db080000,0x00000000dbd012d0,0x00000000dbe00000)
  to   space 15872K, 0% used [0x00000000dc580000,0x00000000dc580000,0x00000000dd500000)
 ParOldGen       total 26624K, used 17597K [0x0000000084a00000, 0x0000000086400000, 0x00000000d6e00000)
  object space 26624K, 66% used [0x0000000084a00000,0x0000000085b2f760,0x0000000086400000)
 Metaspace       used 58024K, capacity 60124K, committed 60336K, reserved 1101824K
  class space    used 7887K, capacity 8248K, committed 8368K, reserved 1048576K
}

Deoptimization events (10 events):
Event: 63.161 Thread 0x0000000003180000 Uncommon trap: reason=bimorphic action=maybe_recompile pc=0x000000000449bc64 method=java.util.ArrayList$ArrayListSpliterator.tryAdvance(Ljava/util/function/Consumer;)Z @ 48
Event: 63.169 Thread 0x0000000003180000 Uncommon trap: reason=bimorphic action=maybe_recompile pc=0x00000000043f8f78 method=java.util.Hashtable.addEntry(ILjava/lang/Object;Ljava/lang/Object;I)V @ 38
Event: 63.214 Thread 0x0000000003180000 Uncommon trap: reason=null_check action=make_not_entrant pc=0x000000000477a670 method=org.springframework.core.annotation.AnnotatedElementUtils.searchWithFindSemantics(Ljava/lang/reflect/AnnotatedElement;Ljava/util/Set;Ljava/lang/String;Ljava/lang/Class;LoR–™Ë¥O@
Event: 63.407 Thread 0x0000000003180000 Uncommon trap: reason=bimorphic action=maybe_recompile pc=0x000000000449bc64 method=java.util.ArrayList$ArrayListSpliterator.tryAdvance(Ljava/util/function/Consumer;)Z @ 48
Event: 63.541 Thread 0x0000000003180000 Uncommon trap: reason=bimorphic action=maybe_recompile pc=0x000000000449bc64 method=java.util.ArrayList$ArrayListSpliterator.tryAdvance(Ljava/util/function/Consumer;)Z @ 48
Event: 63.549 Thread 0x0000000003180000 Uncommon trap: reason=bimorphic action=maybe_recompile pc=0x00000000044af3cc method=java.util.ArrayList$ArrayListSpliterator.tryAdvance(Ljava/util/function/Consumer;)Z @ 48
Event: 63.758 Thread 0x0000000003180000 Uncommon trap: reason=class_check action=maybe_recompile pc=0x00000000047ac6dc method=org.springframework.util.ConcurrentReferenceHashMap$Segment.restructureIfNecessary(Z)V @ 239
Event: 64.648 Thread 0x0000000003180000 Uncommon trap: reason=class_check action=maybe_recompile pc=0x00000000047ac6dc method=org.springframework.util.ConcurrentReferenceHashMap$Segment.restructureIfNecessary(Z)V @ 239
Event: 65.270 Thread 0x0000000003180000 Uncommon trap: reason=unloaded action=reinterpret pc=0x00000000047dde44 method=org.springframework.core.annotation.AnnotatedElementUtils.searchWithGetSemantics(Ljava/lang/reflect/AnnotatedElement;Ljava/util/Set;Ljava/lang/String;Ljava/lang/Class;Lorg/sprin»ËKl]P@
Event: 65.460 Thread 0x0000000003180000 Uncommon trap: reason=unloaded action=reinterpret pc=0x0000000004806428 method=org.springframework.core.BridgeMethodResolver.findBridgedMethod(Ljava/lang/reflect/Method;)Ljava/lang/reflect/Method; @ 9

Internal exceptions (10 events):
Event: 65.949 Thread 0x0000000003180000 Exception <a 'java/security/PrivilegedActionException'> (0x00000000d6e8e150) thrown at [D:\re\workspace\8-2-build-windows-amd64-cygwin\jdk8u5\2488\hotspot\src\share\vm\prims\jvm.cpp, line 1248]
Event: 65.950 Thread 0x0000000003180000 Exception <a 'java/security/PrivilegedActionException'> (0x00000000d6e9dba8) thrown at [D:\re\workspace\8-2-build-windows-amd64-cygwin\jdk8u5\2488\hotspot\src\share\vm\prims\jvm.cpp, line 1248]
Event: 65.950 Thread 0x0000000003180000 Exception <a 'java/security/PrivilegedActionException'> (0x00000000d6e9e960) thrown at [D:\re\workspace\8-2-build-windows-amd64-cygwin\jdk8u5\2488\hotspot\src\share\vm\prims\jvm.cpp, line 1248]
Event: 65.950 Thread 0x0000000003180000 Exception <a 'java/security/PrivilegedActionException'> (0x00000000d6eae3b8) thrown at [D:\re\workspace\8-2-build-windows-amd64-cygwin\jdk8u5\2488\hotspot\src\share\vm\prims\jvm.cpp, line 1248]
Event: 65.950 Thread 0x0000000003180000 Exception <a 'java/lang/ClassNotFoundException': org/springframework/beans/factory/BeanFactoryAwareCustomizer> (0x00000000d6eae930) thrown at [D:\re\workspace\8-2-build-windows-amd64-cygwin\jdk8u5\2488\hotspot\src\share\vm\classfile\systemDictionary.cpp, l“·ßù⁄|P@
Event: 65.951 Thread 0x0000000003180000 Exception <a 'java/security/PrivilegedActionException'> (0x00000000d6eb1540) thrown at [D:\re\workspace\8-2-build-windows-amd64-cygwin\jdk8u5\2488\hotspot\src\share\vm\prims\jvm.cpp, line 1248]
Event: 65.951 Thread 0x0000000003180000 Exception <a 'java/security/PrivilegedActionException'> (0x00000000d6ebee00) thrown at [D:\re\workspace\8-2-build-windows-amd64-cygwin\jdk8u5\2488\hotspot\src\share\vm\prims\jvm.cpp, line 1248]
Event: 65.951 Thread 0x0000000003180000 Exception <a 'java/security/PrivilegedActionException'> (0x00000000d6ebfb50) thrown at [D:\re\workspace\8-2-build-windows-amd64-cygwin\jdk8u5\2488\hotspot\src\share\vm\prims\jvm.cpp, line 1248]
Event: 65.966 Thread 0x0000000003180000 Exception <a 'java/security/PrivilegedActionException'> (0x00000000d6ecd410) thrown at [D:\re\workspace\8-2-build-windows-amd64-cygwin\jdk8u5\2488\hotspot\src\share\vm\prims\jvm.cpp, line 1248]
Event: 65.966 Thread 0x0000000003180000 Exception <a 'java/lang/ClassNotFoundException': org/springframework/beans/factory/AwareCustomizer> (0x00000000d6ecd978) thrown at [D:\re\workspace\8-2-build-windows-amd64-cygwin\jdk8u5\2488\hotspot\src\share\vm\classfile\systemDictionary.cpp, line 202]

Events (10 events):
Event: 65.966 Thread 0x0000000003180000 DEOPT PACKING pc=0x0000000003e7d274 sp=0x000000000314c840
Event: 65.966 Thread 0x0000000003180000 DEOPT UNPACKING pc=0x0000000003447204 sp=0x000000000314c5c8 mode 1
Event: 65.967 Thread 0x0000000003180000 DEOPT PACKING pc=0x0000000003cd1ad4 sp=0x000000000314c480
Event: 65.967 Thread 0x0000000003180000 DEOPT UNPACKING pc=0x0000000003447204 sp=0x000000000314c220 mode 1
Event: 65.967 Thread 0x0000000003180000 DEOPT PACKING pc=0x0000000004076e4c sp=0x000000000314c550
Event: 65.967 Thread 0x0000000003180000 DEOPT UNPACKING pc=0x0000000003447204 sp=0x000000000314c298 mode 1
Event: 65.970 Thread 0x0000000003180000 DEOPT PACKING pc=0x0000000003f3c28c sp=0x000000000314bf20
Event: 65.970 Thread 0x0000000003180000 DEOPT UNPACKING pc=0x0000000003447204 sp=0x000000000314be18 mode 1
Event: 65.970 Thread 0x0000000003180000 DEOPT PACKING pc=0x0000000003f25894 sp=0x000000000314c220
Event: 65.970 Thread 0x0000000003180000 DEOPT UNPACKING pc=0x0000000003447204 sp=0x000000000314bf70 mode 1


Dynamic libraries:
0x00007ff78f650000 - 0x00007ff78f684000 	C:\Program Files\Java\jdk1.8.0_05\bin\java.exe
0x00007ffff58a0000 - 0x00007ffff5a61000 	C:\Windows\SYSTEM32\ntdll.dll
0x00007ffff35d0000 - 0x00007ffff367d000 	C:\Windows\system32\KERNEL32.DLL
0x00007ffff2650000 - 0x00007ffff282d000 	C:\Windows\system32\KERNELBASE.dll
0x00007ffff09f0000 - 0x00007ffff0a68000 	C:\Windows\system32\apphelp.dll
0x00007fffd96f0000 - 0x00007fffd9b72000 	C:\Windows\AppPatch\AppPatch64\AcLayers.DLL
0x00007ffff3850000 - 0x00007ffff38ed000 	C:\Windows\system32\msvcrt.dll
0x00007ffff3050000 - 0x00007ffff319e000 	C:\Windows\system32\USER32.dll
0x00007ffff5710000 - 0x00007ffff5896000 	C:\Windows\system32\GDI32.dll
0x00007ffff56b0000 - 0x00007ffff5701000 	C:\Windows\system32\SHLWAPI.dll
0x00007ffff3b40000 - 0x00007ffff3dbc000 	C:\Windows\system32\combase.dll
0x00007ffff3280000 - 0x00007ffff33a6000 	C:\Windows\system32\RPCRT4.dll
0x0000000001070000 - 0x0000000001073000 	C:\Windows\SYSTEM32\sfc.dll
0x00007fffdce40000 - 0x00007fffdcec4000 	C:\Windows\SYSTEM32\WINSPOOL.DRV
0x00007ffff1de0000 - 0x00007ffff1e08000 	C:\Windows\SYSTEM32\bcrypt.dll
0x00007fffe7980000 - 0x00007fffe7991000 	C:\Windows\SYSTEM32\sfc_os.DLL
0x00007fffe7510000 - 0x00007fffe7521000 	C:\Windows\SYSTEM32\SortWindows61.dll
0x00007ffff3e80000 - 0x00007ffff3eb6000 	C:\Windows\system32\IMM32.DLL
0x00007ffff39c0000 - 0x00007ffff3b1c000 	C:\Windows\system32\MSCTF.dll
0x00007ffff40d0000 - 0x00007ffff4176000 	C:\Windows\system32\ADVAPI32.dll
0x00007ffff3560000 - 0x00007ffff35bb000 	C:\Windows\system32\sechost.dll
0x00007fffeb580000 - 0x00007fffeb7f4000 	C:\Windows\WinSxS\amd64_microsoft.windows.common-controls_6595b64144ccf1df_6.0.10240.16384_none_f41f7b285750ef43\COMCTL32.dll
0x000000006a070000 - 0x000000006a142000 	C:\Program Files\Java\jdk1.8.0_05\jre\bin\msvcr100.dll
0x0000000068ca0000 - 0x00000000694ca000 	C:\Program Files\Java\jdk1.8.0_05\jre\bin\server\jvm.dll
0x00007ffff35c0000 - 0x00007ffff35c8000 	C:\Windows\system32\PSAPI.DLL
0x00007fffe9ed0000 - 0x00007fffe9ed9000 	C:\Windows\SYSTEM32\WSOCK32.dll
0x00007ffff2f80000 - 0x00007ffff2fe9000 	C:\Windows\system32\WS2_32.dll
0x00007ffff3dc0000 - 0x00007ffff3dc8000 	C:\Windows\system32\NSI.dll
0x00007ffff0480000 - 0x00007ffff04a3000 	C:\Windows\SYSTEM32\WINMM.dll
0x00007ffff0420000 - 0x00007ffff044c000 	C:\Windows\SYSTEM32\WINMMBASE.dll
0x00007ffff28f0000 - 0x00007ffff2934000 	C:\Windows\system32\cfgmgr32.dll
0x00007ffff0c10000 - 0x00007ffff0c37000 	C:\Windows\SYSTEM32\DEVOBJ.dll
0x000000006a060000 - 0x000000006a06f000 	C:\Program Files\Java\jdk1.8.0_05\jre\bin\verify.dll
0x000000006a030000 - 0x000000006a058000 	C:\Program Files\Java\jdk1.8.0_05\jre\bin\java.dll
0x0000000069fd0000 - 0x000000006a005000 	C:\Program Files\Java\jdk1.8.0_05\jre\bin\jdwp.dll
0x0000000069fc0000 - 0x0000000069fc8000 	C:\Program Files\Java\jdk1.8.0_05\jre\bin\npt.dll
0x0000000069f90000 - 0x0000000069fb3000 	C:\Program Files\Java\jdk1.8.0_05\jre\bin\instrument.dll
0x000000006a010000 - 0x000000006a026000 	C:\Program Files\Java\jdk1.8.0_05\jre\bin\zip.dll
0x00007ffff4180000 - 0x00007ffff56a1000 	C:\Windows\system32\SHELL32.dll
0x00007ffff2940000 - 0x00007ffff2f69000 	C:\Windows\system32\windows.storage.dll
0x00007ffff2340000 - 0x00007ffff234f000 	C:\Windows\system32\kernel.appcore.dll
0x00007ffff2830000 - 0x00007ffff28e3000 	C:\Windows\system32\shcore.dll
0x00007ffff22f0000 - 0x00007ffff233a000 	C:\Windows\system32\powrprof.dll
0x00007ffff2350000 - 0x00007ffff2363000 	C:\Windows\system32\profapi.dll
0x0000000069f80000 - 0x0000000069f89000 	C:\Program Files\Java\jdk1.8.0_05\jre\bin\dt_socket.dll
0x00007ffff1b10000 - 0x00007ffff1b6d000 	C:\Windows\system32\mswsock.dll
0x00007ffff1b70000 - 0x00007ffff1b87000 	C:\Windows\SYSTEM32\CRYPTSP.dll
0x00007ffff17c0000 - 0x00007ffff17f3000 	C:\Windows\system32\rsaenh.dll
0x00007ffff18b0000 - 0x00007ffff18cf000 	C:\Windows\SYSTEM32\USERENV.dll
0x00007ffff2100000 - 0x00007ffff216b000 	C:\Windows\system32\bcryptprimitives.dll
0x00007ffff1ce0000 - 0x00007ffff1ceb000 	C:\Windows\SYSTEM32\CRYPTBASE.dll
0x0000000069f60000 - 0x0000000069f7a000 	C:\Program Files\Java\jdk1.8.0_05\jre\bin\net.dll
0x00007ffff0030000 - 0x00007ffff0068000 	C:\Windows\SYSTEM32\IPHLPAPI.DLL
0x00007fffefff0000 - 0x00007fffefffb000 	C:\Windows\SYSTEM32\WINNSI.DLL
0x00007fffec480000 - 0x00007fffec496000 	C:\Windows\SYSTEM32\dhcpcsvc6.DLL
0x00007fffec410000 - 0x00007fffec42a000 	C:\Windows\SYSTEM32\dhcpcsvc.DLL
0x0000000069f40000 - 0x0000000069f51000 	C:\Program Files\Java\jdk1.8.0_05\jre\bin\nio.dll
0x0000000069f30000 - 0x0000000069f3d000 	C:\Program Files\Java\jdk1.8.0_05\jre\bin\management.dll
0x00007fffe7870000 - 0x00007fffe7885000 	C:\Windows\system32\napinsp.dll
0x00007fffe7850000 - 0x00007fffe786a000 	C:\Windows\system32\pnrpnsp.dll
0x00007fffef6c0000 - 0x00007fffef6d8000 	C:\Windows\system32\NLAapi.dll
0x00007ffff1910000 - 0x00007ffff19b8000 	C:\Windows\SYSTEM32\DNSAPI.dll
0x00007fffe8750000 - 0x00007fffe875d000 	C:\Windows\System32\winrnr.dll
0x00007fffeb2b0000 - 0x00007fffeb2ba000 	C:\Windows\System32\rasadhlp.dll
0x00007fffec5b0000 - 0x00007fffec618000 	C:\Windows\System32\fwpuclnt.dll
0x0000000069f00000 - 0x0000000069f24000 	C:\Program Files\Java\jdk1.8.0_05\jre\bin\sunec.dll
0x00007fffdc340000 - 0x00007fffdc4ca000 	C:\Windows\SYSTEM32\dbghelp.dll

VM Arguments:
jvm_args: -agentlib:jdwp=transport=dt_socket,address=127.0.0.1:61692,suspend=y,server=n -ea -Didea.test.cyclic.buffer.size=1048576 -javaagent:C:\Users\Administrator\.IntelliJIdea2018.3\system\captureAgent\debugger-agent.jar -Dfile.encoding=UTF-8 
java_command: com.intellij.rt.execution.junit.JUnitStarter -ideVersion5 -junit4 com.ssm.teamgys.service.impl.SmbmsProviderServiceTest,testFindAllPage
java_class_path (initial): C:\Program Files\JetBrains\IntelliJ IDEA 2018.3.2\lib\idea_rt.jar;C:\Program Files\JetBrains\IntelliJ IDEA 2018.3.2\plugins\junit\lib\junit-rt.jar;C:\Program Files\JetBrains\IntelliJ IDEA 2018.3.2\plugins\junit\lib\junit5-rt.jar;C:\Program Files\Java\jdk1.8.0_05\jre\lib\charsets.jar;C:\Program Files\Java\jdk1.8.0_05\jre\lib\deploy.jar;C:\Program Files\Java\jdk1.8.0_05\jre\lib\ext\access-bridge-64.jar;C:\Program Files\Java\jdk1.8.0_05\jre\lib\ext\cldrdata.jar;C:\Program Files\Java\jdk1.8.0_05\jre\lib\ext\dnsns.jar;C:\Program Files\Java\jdk1.8.0_05\jre\lib\ext\jaccess.jar;C:\Program Files\Java\jdk1.8.0_05\jre\lib\ext\jfxrt.jar;C:\Program Files\Java\jdk1.8.0_05\jre\lib\ext\localedata.jar;C:\Program Files\Java\jdk1.8.0_05\jre\lib\ext\nashorn.jar;C:\Program Files\Java\jdk1.8.0_05\jre\lib\ext\sunec.jar;C:\Program Files\Java\jdk1.8.0_05\jre\lib\ext\sunjce_provider.jar;C:\Program Files\Java\jdk1.8.0_05\jre\lib\ext\sunmscapi.jar;C:\Program Files\Java\jdk1.8.0_05\jre\lib\ext\sunpkcs11.jar;C:\Program Files\Java\jdk1.8.0_05\jre\lib\ext\zipfs.jar;C:\Program Files\Java\jdk1.8.0_05\jre\lib\javaws.jar;C:\Program Files\Java\jdk1.8.0_05\jre\lib\jce.jar;C:\Program Files\Java\jdk1.8.0_05\jre\lib\jfr.jar;C:\Program Files\Java\jdk1.8.0_05\jre\lib\jfxswt.jar;C:\Program Files\Java\jdk1.8.0_05\jre\lib\jsse.jar;C:\Program Files\Java\jdk1.8.0_05\jre\lib\management-agent.jar;C:\Program Files\Java\jdk1.8.0_05\jre\lib\plugin.jar;C:\Program Files\Java\jdk1.8.0_05\jre\lib\resources.jar;C:\Program Files\Java\jdk1.8.0_05\jre\lib\rt.jar;D:\JJA1804\02JAVAEE\03JAVAEE\SSM\02_bootSpringMVC_workspace\jja1804teamgys\target\test-classes;D:\JJA1804\02JAVAEE\03JAVAEE\SSM\02_bootSpringMVC_workspace\jja1804teamgys\target\classes;D:\apache-maven-3.6.0\repository\org\springframework\boot\spring-boot-devtools\2.1.3.RELEASE\spring-boot-devtools-2.1.3.RELEASE.jar;D:\apache-maven-3.6.0\repository\org\springframework\boot\spring-boot\2.1.3.RELEASE\spring-boot-2.1.3.RELEASE.jar;D:\apache-ma
Launcher Type: SUN_STANDARD

Environment Variables:
JAVA_HOME=C:\Program Files\Java\jdk1.8.0_05
CLASSPATH=.;C:\Program Files\Java\jdk1.8.0_05\lib\dt.jar;C:\Program Files\Java\jdk1.8.0_05\lib\tools.jar
PATH=D:\app\Administrator\product\11.2.0\client_1\bin;C:\Windows\system32;C:\Windows;C:\Windows\System32\Wbem;C:\Windows\System32\WindowsPowerShell\v1.0\;C:\Program Files\Java\jdk1.8.0_05\bin;jJAVA_HOME\jre\bin;D:\apache-maven-3.6.0\bin;C:\Program Files\Git\cmd;C:\Program Files\TortoiseSVN\bin
USERNAME=Administrator
OS=Windows_NT
PROCESSOR_IDENTIFIER=Intel64 Family 6 Model 60 Stepping 3, GenuineIntel



---------------  S Y S T E M  ---------------

OS: Windows 8 , 64 bit Build 9200 

CPU:total 2 (2 cores per cpu, 1 threads per core) family 6 model 60 stepping 3, cmov, cx8, fxsr, mmx, sse, sse2, sse3, ssse3, sse4.1, sse4.2, popcnt, clmul, erms, tsc, tscinvbit

Memory: 4k page, physical 8079956k(2809256k free), swap 13323088k(5483472k free)

vm_info: Java HotSpot(TM) 64-Bit Server VM (25.5-b02) for windows-amd64 JRE (1.8.0_05-b13), built on Mar 18 2014 01:08:39 by "java_re" with MS VC++ 10.0 (VS2010)

time: Tue Apr 02 11:06:20 2019
elapsed time: 66 seconds

