#
# A fatal error has been detected by the Java Runtime Environment:
#
#  Internal Error (constantPool.cpp:1351), pid=1428, tid=6008
#  Error: ShouldNotReachHere()
#
# JRE version: Java(TM) SE Runtime Environment (8.0_05-b13) (build 1.8.0_05-b13)
# Java VM: Java HotSpot(TM) 64-Bit Server VM (25.5-b02 mixed mode windows-amd64 compressed oops)
# Failed to write core dump. Minidumps are not enabled by default on client versions of Windows
#
# If you would like to submit a bug report, please visit:
#   http://bugreport.sun.com/bugreport/crash.jsp
#

---------------  T H R E A D  ---------------

Current thread (0x0000000017dc2000):  JavaThread "JDWP Transport Listener: dt_socket" daemon [_thread_in_vm, id=6008, stack(0x00000000182f0000,0x00000000183f0000)]

Stack: [0x00000000182f0000,0x00000000183f0000]
Native frames: (J=compiled Java code, j=interpreted, Vv=VM code, C=native code)
V  [jvm.dll+0x308dea]
V  [jvm.dll+0x25def1]
V  [jvm.dll+0x25eb0f]
V  [jvm.dll+0x256612]
V  [jvm.dll+0xe651b]
V  [jvm.dll+0x1b1612]
V  [jvm.dll+0x1b41ca]
V  [jvm.dll+0x1b51cb]
V  [jvm.dll+0x1b5af2]
V  [jvm.dll+0x228720]
V  [jvm.dll+0x18dde1]
V  [jvm.dll+0x321294]
C  [jdwp.dll+0x9e6b]
C  [jdwp.dll+0xf09c]
C  [jdwp.dll+0x1f2c9]
C  [jdwp.dll+0x1f49e]
V  [jvm.dll+0x1a7128]
V  [jvm.dll+0x2232c4]
V  [jvm.dll+0x27baca]
C  [msvcr100.dll+0x21d9f]
C  [msvcr100.dll+0x21e3b]
C  [KERNEL32.DLL+0x12d92]
C  [ntdll.dll+0x9f64]


---------------  P R O C E S S  ---------------

Java Threads: ( => current thread )
  0x000000001d882000 JavaThread "HikariPool-2 connection adder" daemon [_thread_in_native, id=9800, stack(0x000000001fda0000,0x000000001fea0000)]
  0x000000001d87e000 JavaThread "HikariPool-2 housekeeper" daemon [_thread_blocked, id=3304, stack(0x000000001efa0000,0x000000001f0a0000)]
  0x000000001d87f000 JavaThread "container-0" [_thread_blocked, id=8276, stack(0x000000001e9a0000,0x000000001eaa0000)]
  0x000000001d87d800 JavaThread "Catalina-utility-2" [_thread_blocked, id=8580, stack(0x000000001b900000,0x000000001ba00000)]
  0x000000001d880800 JavaThread "Catalina-utility-1" [_thread_blocked, id=9624, stack(0x000000001b700000,0x000000001b800000)]
  0x000000001d881000 JavaThread "restartedMain" [_thread_blocked, id=9972, stack(0x000000001b000000,0x000000001b100000)]
  0x000000001d87a800 JavaThread "File Watcher" daemon [_thread_blocked, id=5788, stack(0x0000000002590000,0x0000000002690000)]
  0x00000000204af000 JavaThread "Thread-19" [_thread_blocked, id=7400, stack(0x0000000000680000,0x0000000000780000)]
  0x00000000204b0800 JavaThread "RMI TCP Connection(idle)" daemon [_thread_blocked, id=4428, stack(0x000000001ae00000,0x000000001af00000)]
  0x00000000204ad800 JavaThread "RMI TCP Connection(idle)" daemon [_thread_blocked, id=5484, stack(0x0000000022570000,0x0000000022670000)]
  0x00000000204ac000 JavaThread "DestroyJavaVM" [_thread_blocked, id=4444, stack(0x0000000002490000,0x0000000002590000)]
  0x000000001bd0c800 JavaThread "Live Reload Server" daemon [_thread_in_native, id=6520, stack(0x000000001fea0000,0x000000001ffa0000)]
  0x000000001bd0e000 JavaThread "mysql-cj-abandoned-connection-cleanup" daemon [_thread_blocked, id=7120, stack(0x000000001eaa0000,0x000000001eba0000)]
  0x00000000186a9800 JavaThread "RMI Scheduler(0)" daemon [_thread_blocked, id=6388, stack(0x000000001b800000,0x000000001b900000)]
  0x0000000018dc8000 JavaThread "RMI TCP Connection(idle)" daemon [_thread_blocked, id=8876, stack(0x0000000019930000,0x0000000019a30000)]
  0x0000000018c34800 JavaThread "RMI TCP Accept-0" daemon [_thread_in_native, id=7876, stack(0x0000000019730000,0x0000000019830000)]
  0x0000000018b4f800 JavaThread "RMI TCP Accept-61948" daemon [_thread_in_native, id=6448, stack(0x0000000019630000,0x0000000019730000)]
  0x0000000018aec800 JavaThread "RMI TCP Accept-0" daemon [_thread_in_native, id=1272, stack(0x0000000019530000,0x0000000019630000)]
  0x000000001881e000 JavaThread "Service Thread" daemon [_thread_blocked, id=8164, stack(0x0000000019430000,0x0000000019530000)]
  0x0000000018803000 JavaThread "C1 CompilerThread1" daemon [_thread_blocked, id=3400, stack(0x0000000019330000,0x0000000019430000)]
  0x00000000187c2800 JavaThread "C2 CompilerThread0" daemon [_thread_blocked, id=9852, stack(0x0000000019230000,0x0000000019330000)]
  0x0000000017dcd000 JavaThread "JDWP Command Reader" daemon [_thread_in_native, id=3948, stack(0x00000000184f0000,0x00000000185f0000)]
  0x0000000017dc6000 JavaThread "JDWP Event Helper Thread" daemon [_thread_blocked, id=9400, stack(0x00000000183f0000,0x00000000184f0000)]
=>0x0000000017dc2000 JavaThread "JDWP Transport Listener: dt_socket" daemon [_thread_in_vm, id=6008, stack(0x00000000182f0000,0x00000000183f0000)]
  0x0000000017da4800 JavaThread "Attach Listener" daemon [_thread_blocked, id=8012, stack(0x00000000181f0000,0x00000000182f0000)]
  0x0000000017da1800 JavaThread "Signal Dispatcher" daemon [_thread_blocked, id=1944, stack(0x00000000180f0000,0x00000000181f0000)]
  0x0000000016fb5800 JavaThread "Finalizer" daemon [_thread_blocked, id=10112, stack(0x0000000017bf0000,0x0000000017cf0000)]
  0x0000000016faa800 JavaThread "Reference Handler" daemon [_thread_blocked, id=9732, stack(0x0000000017af0000,0x0000000017bf0000)]

Other Threads:
  0x0000000016fa4000 VMThread [stack: 0x00000000179f0000,0x0000000017af0000] [id=6468]
  0x0000000018c37800 WatcherThread [stack: 0x0000000019830000,0x0000000019930000] [id=9876]

VM state:synchronizing (normal execution)

VM Mutex/Monitor currently owned by a thread:  ([mutex/lock_event])
[0x000000000269d720] Threads_lock - owner thread: 0x0000000016fa4000
[0x000000000269e670] CompiledIC_lock - owner thread: 0x000000001d881000

Heap:
 PSYoungGen      total 126464K, used 21074K [0x00000000d6e00000, 0x00000000dfa00000, 0x0000000100000000)
  eden space 111616K, 11% used [0x00000000d6e00000,0x00000000d7aff1e8,0x00000000ddb00000)
  from space 14848K, 52% used [0x00000000deb80000,0x00000000df315618,0x00000000dfa00000)
  to   space 15872K, 0% used [0x00000000ddb00000,0x00000000ddb00000,0x00000000dea80000)
 ParOldGen       total 37888K, used 33079K [0x0000000084a00000, 0x0000000086f00000, 0x00000000d6e00000)
  object space 37888K, 87% used [0x0000000084a00000,0x0000000086a4dff8,0x0000000086f00000)
 Metaspace       used 63853K, capacity 67154K, committed 67328K, reserved 1107968K
  class space    used 8836K, capacity 9453K, committed 9472K, reserved 1048576K

Card table byte_map: [0x0000000011c50000,0x0000000012030000] byte_map_base: 0x000000001182b000

Marking Bits: (ParMarkBitMap*) 0x00000000694513b0
 Begin Bits: [0x00000000124d0000, 0x00000000143a8000)
 End Bits:   [0x00000000143a8000, 0x0000000016280000)

Polling page: 0x00000000004d0000

CodeCache: size=245760Kb used=15133Kb max_used=15133Kb free=230626Kb
 bounds [0x0000000002890000, 0x0000000003760000, 0x0000000011890000]
 total_blobs=8402 nmethods=7814 adapters=509
 compilation: enabled

Compilation events (10 events):
Event: 108.147 Thread 0x0000000018803000 7814       1       org.hibernate.persister.entity.AbstractEntityPersister::getIdentifierPropertyName (11 bytes)
Event: 108.147 Thread 0x0000000018803000 nmethod 7814 0x00000000037562d0 code [0x0000000003756420, 0x0000000003756530]
Event: 108.147 Thread 0x0000000018803000 7816       1       org.hibernate.hql.internal.ast.tree.FromElement::checkInitialized (18 bytes)
Event: 108.147 Thread 0x0000000018803000 nmethod 7816 0x0000000003756610 code [0x0000000003756780, 0x0000000003756928]
Event: 108.147 Thread 0x0000000018803000 7817       1       org.hibernate.hql.internal.ast.tree.FromElementType::checkInitialized (8 bytes)
Event: 108.147 Thread 0x0000000018803000 nmethod 7817 0x00000000037569d0 code [0x0000000003756b40, 0x0000000003756d08]
Event: 108.147 Thread 0x0000000018803000 7818       1       org.hibernate.hql.internal.ast.tree.FromReferenceNode::<init> (5 bytes)
Event: 108.147 Thread 0x0000000018803000 nmethod 7818 0x0000000003756e10 code [0x0000000003756f60, 0x0000000003757090]
Event: 108.147 Thread 0x0000000018803000 7819       1       org.hibernate.hql.internal.antlr.SqlGeneratorBase::getStringBuilder (38 bytes)
Event: 108.147 Thread 0x0000000018803000 nmethod 7819 0x0000000003757150 code [0x00000000037572c0, 0x0000000003757478]

GC Heap History (10 events):
Event: 29.475 GC heap before
{Heap before GC invocations=32 (full 5):
 PSYoungGen      total 117760K, used 113201K [0x00000000d6e00000, 0x00000000df100000, 0x0000000100000000)
  eden space 104448K, 100% used [0x00000000d6e00000,0x00000000dd400000,0x00000000dd400000)
  from space 13312K, 65% used [0x00000000de200000,0x00000000dea8c570,0x00000000def00000)
  to   space 14336K, 0% used [0x00000000dd400000,0x00000000dd400000,0x00000000de200000)
 ParOldGen       total 37888K, used 27456K [0x0000000084a00000, 0x0000000086f00000, 0x00000000d6e00000)
  object space 37888K, 72% used [0x0000000084a00000,0x00000000864d03d8,0x0000000086f00000)
 Metaspace       used 60424K, capacity 63394K, committed 63488K, reserved 1103872K
  class space    used 8346K, capacity 8906K, committed 8960K, reserved 1048576K
Event: 29.495 GC heap after
Heap after GC invocations=32 (full 5):
 PSYoungGen      total 118784K, used 12478K [0x00000000d6e00000, 0x00000000df800000, 0x0000000100000000)
  eden space 104448K, 0% used [0x00000000d6e00000,0x00000000d6e00000,0x00000000dd400000)
  from space 14336K, 87% used [0x00000000dd400000,0x00000000de02fa48,0x00000000de200000)
  to   space 15872K, 0% used [0x00000000de880000,0x00000000de880000,0x00000000df800000)
 ParOldGen       total 37888K, used 27464K [0x0000000084a00000, 0x0000000086f00000, 0x00000000d6e00000)
  object space 37888K, 72% used [0x0000000084a00000,0x00000000864d23d8,0x0000000086f00000)
 Metaspace       used 60424K, capacity 63394K, committed 63488K, reserved 1103872K
  class space    used 8346K, capacity 8906K, committed 8960K, reserved 1048576K
}
Event: 79.333 GC heap before
{Heap before GC invocations=33 (full 5):
 PSYoungGen      total 118784K, used 70855K [0x00000000d6e00000, 0x00000000df800000, 0x0000000100000000)
  eden space 104448K, 55% used [0x00000000d6e00000,0x00000000da7022d0,0x00000000dd400000)
  from space 14336K, 87% used [0x00000000dd400000,0x00000000de02fa48,0x00000000de200000)
  to   space 15872K, 0% used [0x00000000de880000,0x00000000de880000,0x00000000df800000)
 ParOldGen       total 37888K, used 27464K [0x0000000084a00000, 0x0000000086f00000, 0x00000000d6e00000)
  object space 37888K, 72% used [0x0000000084a00000,0x00000000864d23d8,0x0000000086f00000)
 Metaspace       used 63008K, capacity 66118K, committed 66176K, reserved 1105920K
  class space    used 8729K, capacity 9311K, committed 9344K, reserved 1048576K
Event: 79.354 GC heap after
Heap after GC invocations=33 (full 5):
 PSYoungGen      total 123904K, used 12167K [0x00000000d6e00000, 0x00000000dfb00000, 0x0000000100000000)
  eden space 108032K, 0% used [0x00000000d6e00000,0x00000000d6e00000,0x00000000dd780000)
  from space 15872K, 76% used [0x00000000de880000,0x00000000df461e90,0x00000000df800000)
  to   space 17408K, 0% used [0x00000000dd780000,0x00000000dd780000,0x00000000de880000)
 ParOldGen       total 37888K, used 27472K [0x0000000084a00000, 0x0000000086f00000, 0x00000000d6e00000)
  object space 37888K, 72% used [0x0000000084a00000,0x00000000864d43d8,0x0000000086f00000)
 Metaspace       used 63008K, capacity 66118K, committed 66176K, reserved 1105920K
  class space    used 8729K, capacity 9311K, committed 9344K, reserved 1048576K
}
Event: 79.354 GC heap before
{Heap before GC invocations=34 (full 6):
 PSYoungGen      total 123904K, used 12167K [0x00000000d6e00000, 0x00000000dfb00000, 0x0000000100000000)
  eden space 108032K, 0% used [0x00000000d6e00000,0x00000000d6e00000,0x00000000dd780000)
  from space 15872K, 76% used [0x00000000de880000,0x00000000df461e90,0x00000000df800000)
  to   space 17408K, 0% used [0x00000000dd780000,0x00000000dd780000,0x00000000de880000)
 ParOldGen       total 37888K, used 27472K [0x0000000084a00000, 0x0000000086f00000, 0x00000000d6e00000)
  object space 37888K, 72% used [0x0000000084a00000,0x00000000864d43d8,0x0000000086f00000)
 Metaspace       used 63008K, capacity 66118K, committed 66176K, reserved 1105920K
  class space    used 8729K, capacity 9311K, committed 9344K, reserved 1048576K
Event: 80.335 GC heap after
Heap after GC invocations=34 (full 6):
 PSYoungGen      total 123904K, used 0K [0x00000000d6e00000, 0x00000000dfb00000, 0x0000000100000000)
  eden space 108032K, 0% used [0x00000000d6e00000,0x00000000d6e00000,0x00000000dd780000)
  from space 15872K, 0% used [0x00000000de880000,0x00000000de880000,0x00000000df800000)
  to   space 17408K, 0% used [0x00000000dd780000,0x00000000dd780000,0x00000000de880000)
 ParOldGen       total 37888K, used 33071K [0x0000000084a00000, 0x0000000086f00000, 0x00000000d6e00000)
  object space 37888K, 87% used [0x0000000084a00000,0x0000000086a4bff8,0x0000000086f00000)
 Metaspace       used 63008K, capacity 66118K, committed 66176K, reserved 1105920K
  class space    used 8729K, capacity 9311K, committed 9344K, reserved 1048576K
}
Event: 98.554 GC heap before
{Heap before GC invocations=35 (full 6):
 PSYoungGen      total 123904K, used 108032K [0x00000000d6e00000, 0x00000000dfb00000, 0x0000000100000000)
  eden space 108032K, 100% used [0x00000000d6e00000,0x00000000dd780000,0x00000000dd780000)
  from space 15872K, 0% used [0x00000000de880000,0x00000000de880000,0x00000000df800000)
  to   space 17408K, 0% used [0x00000000dd780000,0x00000000dd780000,0x00000000de880000)
 ParOldGen       total 37888K, used 33071K [0x0000000084a00000, 0x0000000086f00000, 0x00000000d6e00000)
  object space 37888K, 87% used [0x0000000084a00000,0x0000000086a4bff8,0x0000000086f00000)
 Metaspace       used 63459K, capacity 66716K, committed 66816K, reserved 1105920K
  class space    used 8803K, capacity 9434K, committed 9472K, reserved 1048576K
Event: 98.599 GC heap after
Heap after GC invocations=35 (full 6):
 PSYoungGen      total 125440K, used 5743K [0x00000000d6e00000, 0x00000000dfb80000, 0x0000000100000000)
  eden space 108032K, 0% used [0x00000000d6e00000,0x00000000d6e00000,0x00000000dd780000)
  from space 17408K, 32% used [0x00000000dd780000,0x00000000ddd1bcf8,0x00000000de880000)
  to   space 16384K, 0% used [0x00000000deb80000,0x00000000deb80000,0x00000000dfb80000)
 ParOldGen       total 37888K, used 33079K [0x0000000084a00000, 0x0000000086f00000, 0x00000000d6e00000)
  object space 37888K, 87% used [0x0000000084a00000,0x0000000086a4dff8,0x0000000086f00000)
 Metaspace       used 63459K, capacity 66716K, committed 66816K, reserved 1105920K
  class space    used 8803K, capacity 9434K, committed 9472K, reserved 1048576K
}
Event: 107.292 GC heap before
{Heap before GC invocations=36 (full 6):
 PSYoungGen      total 125440K, used 113775K [0x00000000d6e00000, 0x00000000dfb80000, 0x0000000100000000)
  eden space 108032K, 100% used [0x00000000d6e00000,0x00000000dd780000,0x00000000dd780000)
  from space 17408K, 32% used [0x00000000dd780000,0x00000000ddd1bcf8,0x00000000de880000)
  to   space 16384K, 0% used [0x00000000deb80000,0x00000000deb80000,0x00000000dfb80000)
 ParOldGen       total 37888K, used 33079K [0x0000000084a00000, 0x0000000086f00000, 0x00000000d6e00000)
  object space 37888K, 87% used [0x0000000084a00000,0x0000000086a4dff8,0x0000000086f00000)
 Metaspace       used 63662K, capacity 67002K, committed 67072K, reserved 1107968K
  class space    used 8823K, capacity 9449K, committed 9472K, reserved 1048576K
Event: 107.306 GC heap after
Heap after GC invocations=36 (full 6):
 PSYoungGen      total 126464K, used 7765K [0x00000000d6e00000, 0x00000000dfa00000, 0x0000000100000000)
  eden space 111616K, 0% used [0x00000000d6e00000,0x00000000d6e00000,0x00000000ddb00000)
  from space 14848K, 52% used [0x00000000deb80000,0x00000000df315618,0x00000000dfa00000)
  to   space 15872K, 0% used [0x00000000ddb00000,0x00000000ddb00000,0x00000000dea80000)
 ParOldGen       total 37888K, used 33079K [0x0000000084a00000, 0x0000000086f00000, 0x00000000d6e00000)
  object space 37888K, 87% used [0x0000000084a00000,0x0000000086a4dff8,0x0000000086f00000)
 Metaspace       used 63662K, capacity 67002K, committed 67072K, reserved 1107968K
  class space    used 8823K, capacity 9449K, committed 9472K, reserved 1048576K
}

Deoptimization events (0 events):
No events

Internal exceptions (10 events):
Event: 108.140 Thread 0x000000001d881000 Exception <a 'java/security/PrivilegedActionException'> (0x00000000d78a3740) thrown at [D:\re\workspace\8-2-build-windows-amd64-cygwin\jdk8u5\2488\hotspot\src\share\vm\prims\jvm.cpp, line 1248]
Event: 108.140 Thread 0x000000001d881000 Exception <a 'java/security/PrivilegedActionException'> (0x00000000d78a4498) thrown at [D:\re\workspace\8-2-build-windows-amd64-cygwin\jdk8u5\2488\hotspot\src\share\vm\prims\jvm.cpp, line 1248]
Event: 108.140 Thread 0x000000001d881000 Exception <a 'java/security/PrivilegedActionException'> (0x00000000d78aa588) thrown at [D:\re\workspace\8-2-build-windows-amd64-cygwin\jdk8u5\2488\hotspot\src\share\vm\prims\jvm.cpp, line 1248]
Event: 108.141 Thread 0x000000001d881000 Exception <a 'java/security/PrivilegedActionException'> (0x00000000d78abf38) thrown at [D:\re\workspace\8-2-build-windows-amd64-cygwin\jdk8u5\2488\hotspot\src\share\vm\prims\jvm.cpp, line 1248]
Event: 108.141 Thread 0x000000001d881000 Exception <a 'java/security/PrivilegedActionException'> (0x00000000d78acc90) thrown at [D:\re\workspace\8-2-build-windows-amd64-cygwin\jdk8u5\2488\hotspot\src\share\vm\prims\jvm.cpp, line 1248]
Event: 108.141 Thread 0x000000001d881000 Exception <a 'java/security/PrivilegedActionException'> (0x00000000d78b2d80) thrown at [D:\re\workspace\8-2-build-windows-amd64-cygwin\jdk8u5\2488\hotspot\src\share\vm\prims\jvm.cpp, line 1248]
Event: 108.141 Thread 0x000000001d881000 Exception <a 'java/security/PrivilegedActionException'> (0x00000000d78b3ad8) thrown at [D:\re\workspace\8-2-build-windows-amd64-cygwin\jdk8u5\2488\hotspot\src\share\vm\prims\jvm.cpp, line 1248]
Event: 108.142 Thread 0x000000001d881000 Exception <a 'java/security/PrivilegedActionException'> (0x00000000d78b9bc8) thrown at [D:\re\workspace\8-2-build-windows-amd64-cygwin\jdk8u5\2488\hotspot\src\share\vm\prims\jvm.cpp, line 1248]
Event: 108.149 Thread 0x000000001d881000 Exception <a 'java/security/PrivilegedActionException'> (0x00000000d78d6d40) thrown at [D:\re\workspace\8-2-build-windows-amd64-cygwin\jdk8u5\2488\hotspot\src\share\vm\prims\jvm.cpp, line 1248]
Event: 108.149 Thread 0x000000001d881000 Exception <a 'java/security/PrivilegedActionException'> (0x00000000d78d8cb8) thrown at [D:\re\workspace\8-2-build-windows-amd64-cygwin\jdk8u5\2488\hotspot\src\share\vm\prims\jvm.cpp, line 1248]

Events (10 events):
Event: 108.149 Thread 0x000000001d881000 DEOPT PACKING pc=0x0000000002cedbbc sp=0x000000001b0faaf0
Event: 108.149 Thread 0x000000001d881000 DEOPT UNPACKING pc=0x00000000028d7204 sp=0x000000001b0fa8b8 mode 1
Event: 108.149 Thread 0x000000001d881000 DEOPT PACKING pc=0x0000000002ab3f41 sp=0x000000001b0f9dc0
Event: 108.149 Thread 0x000000001d881000 DEOPT UNPACKING pc=0x00000000028d7204 sp=0x000000001b0f9b30 mode 1
Event: 108.149 Thread 0x000000001d881000 DEOPT PACKING pc=0x0000000002ab3adc sp=0x000000001b0f9e60
Event: 108.149 Thread 0x000000001d881000 DEOPT UNPACKING pc=0x00000000028d7204 sp=0x000000001b0f9b90 mode 1
Event: 108.149 Thread 0x000000001d881000 DEOPT PACKING pc=0x0000000002cef13c sp=0x000000001b0faa40
Event: 108.149 Thread 0x000000001d881000 DEOPT UNPACKING pc=0x00000000028d7204 sp=0x000000001b0fa758 mode 1
Event: 108.149 Thread 0x000000001d881000 DEOPT PACKING pc=0x0000000002cedbbc sp=0x000000001b0faaf0
Event: 108.149 Thread 0x000000001d881000 DEOPT UNPACKING pc=0x00000000028d7204 sp=0x000000001b0fa8b8 mode 1


Dynamic libraries:
0x00007ff78f650000 - 0x00007ff78f684000 	C:\Program Files\Java\jdk1.8.0_05\bin\java.exe
0x00007ffff58a0000 - 0x00007ffff5a61000 	C:\Windows\SYSTEM32\ntdll.dll
0x00007ffff35d0000 - 0x00007ffff367d000 	C:\Windows\system32\KERNEL32.DLL
0x00007ffff2650000 - 0x00007ffff282d000 	C:\Windows\system32\KERNELBASE.dll
0x00007ffff09f0000 - 0x00007ffff0a68000 	C:\Windows\system32\apphelp.dll
0x00007fffd96f0000 - 0x00007fffd9b72000 	C:\Windows\AppPatch\AppPatch64\AcLayers.DLL
0x00007ffff3850000 - 0x00007ffff38ed000 	C:\Windows\system32\msvcrt.dll
0x00007ffff3050000 - 0x00007ffff319e000 	C:\Windows\system32\USER32.dll
0x00007ffff5710000 - 0x00007ffff5896000 	C:\Windows\system32\GDI32.dll
0x00007ffff56b0000 - 0x00007ffff5701000 	C:\Windows\system32\SHLWAPI.dll
0x00007ffff3b40000 - 0x00007ffff3dbc000 	C:\Windows\system32\combase.dll
0x00007ffff3280000 - 0x00007ffff33a6000 	C:\Windows\system32\RPCRT4.dll
0x0000000000450000 - 0x0000000000453000 	C:\Windows\SYSTEM32\sfc.dll
0x00007fffdce40000 - 0x00007fffdcec4000 	C:\Windows\SYSTEM32\WINSPOOL.DRV
0x00007ffff1de0000 - 0x00007ffff1e08000 	C:\Windows\SYSTEM32\bcrypt.dll
0x00007fffe7980000 - 0x00007fffe7991000 	C:\Windows\SYSTEM32\sfc_os.DLL
0x00007fffe7510000 - 0x00007fffe7521000 	C:\Windows\SYSTEM32\SortWindows61.dll
0x00007ffff3e80000 - 0x00007ffff3eb6000 	C:\Windows\system32\IMM32.DLL
0x00007ffff39c0000 - 0x00007ffff3b1c000 	C:\Windows\system32\MSCTF.dll
0x00007ffff40d0000 - 0x00007ffff4176000 	C:\Windows\system32\ADVAPI32.dll
0x00007ffff3560000 - 0x00007ffff35bb000 	C:\Windows\system32\sechost.dll
0x00007fffeb580000 - 0x00007fffeb7f4000 	C:\Windows\WinSxS\amd64_microsoft.windows.common-controls_6595b64144ccf1df_6.0.10240.16384_none_f41f7b285750ef43\COMCTL32.dll
0x000000006a070000 - 0x000000006a142000 	C:\Program Files\Java\jdk1.8.0_05\jre\bin\msvcr100.dll
0x0000000068ca0000 - 0x00000000694ca000 	C:\Program Files\Java\jdk1.8.0_05\jre\bin\server\jvm.dll
0x00007ffff35c0000 - 0x00007ffff35c8000 	C:\Windows\system32\PSAPI.DLL
0x00007fffe9ed0000 - 0x00007fffe9ed9000 	C:\Windows\SYSTEM32\WSOCK32.dll
0x00007ffff2f80000 - 0x00007ffff2fe9000 	C:\Windows\system32\WS2_32.dll
0x00007ffff3dc0000 - 0x00007ffff3dc8000 	C:\Windows\system32\NSI.dll
0x00007ffff0480000 - 0x00007ffff04a3000 	C:\Windows\SYSTEM32\WINMM.dll
0x00007ffff0420000 - 0x00007ffff044c000 	C:\Windows\SYSTEM32\WINMMBASE.dll
0x00007ffff28f0000 - 0x00007ffff2934000 	C:\Windows\system32\cfgmgr32.dll
0x00007ffff0c10000 - 0x00007ffff0c37000 	C:\Windows\SYSTEM32\DEVOBJ.dll
0x000000006a060000 - 0x000000006a06f000 	C:\Program Files\Java\jdk1.8.0_05\jre\bin\verify.dll
0x000000006a030000 - 0x000000006a058000 	C:\Program Files\Java\jdk1.8.0_05\jre\bin\java.dll
0x0000000069fd0000 - 0x000000006a005000 	C:\Program Files\Java\jdk1.8.0_05\jre\bin\jdwp.dll
0x0000000069fc0000 - 0x0000000069fc8000 	C:\Program Files\Java\jdk1.8.0_05\jre\bin\npt.dll
0x0000000069f90000 - 0x0000000069fb3000 	C:\Program Files\Java\jdk1.8.0_05\jre\bin\instrument.dll
0x000000006a010000 - 0x000000006a026000 	C:\Program Files\Java\jdk1.8.0_05\jre\bin\zip.dll
0x00007ffff4180000 - 0x00007ffff56a1000 	C:\Windows\system32\SHELL32.dll
0x00007ffff2940000 - 0x00007ffff2f69000 	C:\Windows\system32\windows.storage.dll
0x00007ffff2340000 - 0x00007ffff234f000 	C:\Windows\system32\kernel.appcore.dll
0x00007ffff2830000 - 0x00007ffff28e3000 	C:\Windows\system32\shcore.dll
0x00007ffff22f0000 - 0x00007ffff233a000 	C:\Windows\system32\powrprof.dll
0x00007ffff2350000 - 0x00007ffff2363000 	C:\Windows\system32\profapi.dll
0x0000000069f80000 - 0x0000000069f89000 	C:\Program Files\Java\jdk1.8.0_05\jre\bin\dt_socket.dll
0x00007ffff1b10000 - 0x00007ffff1b6d000 	C:\Windows\system32\mswsock.dll
0x00007ffff1b70000 - 0x00007ffff1b87000 	C:\Windows\SYSTEM32\CRYPTSP.dll
0x00007ffff17c0000 - 0x00007ffff17f3000 	C:\Windows\system32\rsaenh.dll
0x00007ffff18b0000 - 0x00007ffff18cf000 	C:\Windows\SYSTEM32\USERENV.dll
0x00007ffff2100000 - 0x00007ffff216b000 	C:\Windows\system32\bcryptprimitives.dll
0x00007ffff1ce0000 - 0x00007ffff1ceb000 	C:\Windows\SYSTEM32\CRYPTBASE.dll
0x0000000069f60000 - 0x0000000069f7a000 	C:\Program Files\Java\jdk1.8.0_05\jre\bin\net.dll
0x00007ffff0030000 - 0x00007ffff0068000 	C:\Windows\SYSTEM32\IPHLPAPI.DLL
0x00007fffefff0000 - 0x00007fffefffb000 	C:\Windows\SYSTEM32\WINNSI.DLL
0x00007fffec480000 - 0x00007fffec496000 	C:\Windows\SYSTEM32\dhcpcsvc6.DLL
0x00007fffec410000 - 0x00007fffec42a000 	C:\Windows\SYSTEM32\dhcpcsvc.DLL
0x0000000069f40000 - 0x0000000069f51000 	C:\Program Files\Java\jdk1.8.0_05\jre\bin\nio.dll
0x0000000069f30000 - 0x0000000069f3d000 	C:\Program Files\Java\jdk1.8.0_05\jre\bin\management.dll
0x00007fffe7870000 - 0x00007fffe7885000 	C:\Windows\system32\napinsp.dll
0x00007fffe7850000 - 0x00007fffe786a000 	C:\Windows\system32\pnrpnsp.dll
0x00007fffef6c0000 - 0x00007fffef6d8000 	C:\Windows\system32\NLAapi.dll
0x00007ffff1910000 - 0x00007ffff19b8000 	C:\Windows\SYSTEM32\DNSAPI.dll
0x00007fffe8750000 - 0x00007fffe875d000 	C:\Windows\System32\winrnr.dll
0x00007fffeb2b0000 - 0x00007fffeb2ba000 	C:\Windows\System32\rasadhlp.dll
0x00007fffec5b0000 - 0x00007fffec618000 	C:\Windows\System32\fwpuclnt.dll
0x0000000069f00000 - 0x0000000069f24000 	C:\Program Files\Java\jdk1.8.0_05\jre\bin\sunec.dll
0x00007fffdc340000 - 0x00007fffdc4ca000 	C:\Windows\SYSTEM32\dbghelp.dll

VM Arguments:
jvm_args: -agentlib:jdwp=transport=dt_socket,address=127.0.0.1:61949,suspend=y,server=n -XX:TieredStopAtLevel=1 -Xverify:none -Dspring.output.ansi.enabled=always -Dcom.sun.management.jmxremote -Dcom.sun.management.jmxremote.port=61948 -Dcom.sun.management.jmxremote.authenticate=false -Dcom.sun.management.jmxremote.ssl=false -Djava.rmi.server.hostname=localhost -Dspring.liveBeansView.mbeanDomain -Dspring.application.admin.enabled=true -javaagent:C:\Users\Administrator\.IntelliJIdea2018.3\system\captureAgent\debugger-agent.jar -Dfile.encoding=UTF-8 
java_command: com.ssm.teamgys.TeamgysApplication
java_class_path (initial): C:\Program Files\Java\jdk1.8.0_05\jre\lib\charsets.jar;C:\Program Files\Java\jdk1.8.0_05\jre\lib\deploy.jar;C:\Program Files\Java\jdk1.8.0_05\jre\lib\ext\access-bridge-64.jar;C:\Program Files\Java\jdk1.8.0_05\jre\lib\ext\cldrdata.jar;C:\Program Files\Java\jdk1.8.0_05\jre\lib\ext\dnsns.jar;C:\Program Files\Java\jdk1.8.0_05\jre\lib\ext\jaccess.jar;C:\Program Files\Java\jdk1.8.0_05\jre\lib\ext\jfxrt.jar;C:\Program Files\Java\jdk1.8.0_05\jre\lib\ext\localedata.jar;C:\Program Files\Java\jdk1.8.0_05\jre\lib\ext\nashorn.jar;C:\Program Files\Java\jdk1.8.0_05\jre\lib\ext\sunec.jar;C:\Program Files\Java\jdk1.8.0_05\jre\lib\ext\sunjce_provider.jar;C:\Program Files\Java\jdk1.8.0_05\jre\lib\ext\sunmscapi.jar;C:\Program Files\Java\jdk1.8.0_05\jre\lib\ext\sunpkcs11.jar;C:\Program Files\Java\jdk1.8.0_05\jre\lib\ext\zipfs.jar;C:\Program Files\Java\jdk1.8.0_05\jre\lib\javaws.jar;C:\Program Files\Java\jdk1.8.0_05\jre\lib\jce.jar;C:\Program Files\Java\jdk1.8.0_05\jre\lib\jfr.jar;C:\Program Files\Java\jdk1.8.0_05\jre\lib\jfxswt.jar;C:\Program Files\Java\jdk1.8.0_05\jre\lib\jsse.jar;C:\Program Files\Java\jdk1.8.0_05\jre\lib\management-agent.jar;C:\Program Files\Java\jdk1.8.0_05\jre\lib\plugin.jar;C:\Program Files\Java\jdk1.8.0_05\jre\lib\resources.jar;C:\Program Files\Java\jdk1.8.0_05\jre\lib\rt.jar;D:\JJA1804\02JAVAEE\03JAVAEE\SSM\02_bootSpringMVC_workspace\jja1804teamgys\target\classes;D:\apache-maven-3.6.0\repository\org\springframework\boot\spring-boot-devtools\2.1.3.RELEASE\spring-boot-devtools-2.1.3.RELEASE.jar;D:\apache-maven-3.6.0\repository\org\springframework\boot\spring-boot\2.1.3.RELEASE\spring-boot-2.1.3.RELEASE.jar;D:\apache-maven-3.6.0\repository\org\springframework\spring-context\5.1.5.RELEASE\spring-context-5.1.5.RELEASE.jar;D:\apache-maven-3.6.0\repository\org\springframework\boot\spring-boot-autoconfigure\2.1.3.RELEASE\spring-boot-autoconfigure-2.1.3.RELEASE.jar;D:\apache-maven-3.6.0\repository\org\springframework\boot\spring-boot-starter-t
Launcher Type: SUN_STANDARD

Environment Variables:
JAVA_HOME=C:\Program Files\Java\jdk1.8.0_05
CLASSPATH=.;C:\Program Files\Java\jdk1.8.0_05\lib\dt.jar;C:\Program Files\Java\jdk1.8.0_05\lib\tools.jar
PATH=D:\app\Administrator\product\11.2.0\client_1\bin;C:\Windows\system32;C:\Windows;C:\Windows\System32\Wbem;C:\Windows\System32\WindowsPowerShell\v1.0\;C:\Program Files\Java\jdk1.8.0_05\bin;jJAVA_HOME\jre\bin;D:\apache-maven-3.6.0\bin;C:\Program Files\Git\cmd;C:\Program Files\TortoiseSVN\bin
USERNAME=Administrator
OS=Windows_NT
PROCESSOR_IDENTIFIER=Intel64 Family 6 Model 60 Stepping 3, GenuineIntel



---------------  S Y S T E M  ---------------

OS: Windows 8 , 64 bit Build 9200 

CPU:total 2 (2 cores per cpu, 1 threads per core) family 6 model 60 stepping 3, cmov, cx8, fxsr, mmx, sse, sse2, sse3, ssse3, sse4.1, sse4.2, popcnt, clmul, erms, tsc, tscinvbit

Memory: 4k page, physical 8079956k(2399688k free), swap 13323088k(4756852k free)

vm_info: Java HotSpot(TM) 64-Bit Server VM (25.5-b02) for windows-amd64 JRE (1.8.0_05-b13), built on Mar 18 2014 01:08:39 by "java_re" with MS VC++ 10.0 (VS2010)

time: Tue Apr 02 15:41:24 2019
elapsed time: 108 seconds

